
Showing logs for build [32mcb-kubecd-environment-pr-1164-1-tqhhn-1[0m stage [32mfrom-build-pack[0m and container [32mstep-credential-initializer-sqjfr[0m
{"level":"warn","ts":1581331341.5025003,"logger":"fallback-logger","caller":"logging/config.go:69","msg":"Fetch GitHub commit ID from kodata failed: \"ref: refs/heads/0.8.0-**-support-backwards-incompats\" is not a valid GitHub commit ID"}
{"level":"info","ts":1581331341.5033886,"logger":"fallback-logger","caller":"creds-init/main.go:40","msg":"Credentials initialized."}

Showing logs for build [32mcb-kubecd-environment-pr-1164-1-tqhhn-1[0m stage [32mfrom-build-pack[0m and container [32mstep-working-dir-initializer-72s2c[0m
{"level":"warn","ts":1581331342.8281806,"logger":"fallback-logger","caller":"logging/config.go:69","msg":"Fetch GitHub commit ID from kodata failed: open /var/run/ko/HEAD: no such file or directory"}
{"level":"info","ts":1581331342.837028,"logger":"fallback-logger","caller":"bash/main.go:64","msg":"Successfully executed command \"sh -c mkdir -p /workspace/source\"; output "}

Showing logs for build [32mcb-kubecd-environment-pr-1164-1-tqhhn-1[0m stage [32mfrom-build-pack[0m and container [32mstep-place-tools[0m

Showing logs for build [32mcb-kubecd-environment-pr-1164-1-tqhhn-1[0m stage [32mfrom-build-pack[0m and container [32mstep-git-source-cb-kubecd-environment-pr-1164-1-tqhhn-gzlwd[0m
{"level":"warn","ts":1581331348.5569696,"logger":"fallback-logger","caller":"logging/config.go:69","msg":"Fetch GitHub commit ID from kodata failed: \"ref: refs/heads/0.8.0-**-support-backwards-incompats\" is not a valid GitHub commit ID"}
{"level":"info","ts":1581331349.6437142,"logger":"fallback-logger","caller":"git/git.go:103","msg":"Successfully cloned https://github.com/cb-kubecd/environment-pr-1164-10-bdd-frontend-staging.git @ master in path /workspace/source"}

Showing logs for build [32mcb-kubecd-environment-pr-1164-1-tqhhn-1[0m stage [32mfrom-build-pack[0m and container [32mstep-git-merge[0m
Using SHAs from PULL_REFS=master:f2c89e450464599fb95ccc7007298b7ce5c2667e,1:665d4cfb32aa369c6be3ba44bb06abb60c90c233
DEBUG: LC_ALL=C JX_LOG_LEVEL=error git fetch origin --unshallow 665d4cfb32aa369c6be3ba44bb06abb60c90c233: f2c89e450464599fb95ccc7007298b7ce5c2667e:
DEBUG: ran git fetch --unshallow origin 665d4cfb32aa369c6be3ba44bb06abb60c90c233: f2c89e450464599fb95ccc7007298b7ce5c2667e: in 
DEBUG: LC_ALL=C JX_LOG_LEVEL=error git branch
DEBUG: LC_ALL=C JX_LOG_LEVEL=error git checkout master
DEBUG: ran git checkout master in 
DEBUG: LC_ALL=C JX_LOG_LEVEL=error git reset --hard f2c89e450464599fb95ccc7007298b7ce5c2667e
DEBUG: ran git reset --hard f2c89e450464599fb95ccc7007298b7ce5c2667e in 
DEBUG: LC_ALL=C JX_LOG_LEVEL=error git clean -fd .
DEBUG: ran clean --force -d . in 
DEBUG: LC_ALL=C JX_LOG_LEVEL=error git merge 665d4cfb32aa369c6be3ba44bb06abb60c90c233
DEBUG: ran git merge 665d4cfb32aa369c6be3ba44bb06abb60c90c233 in 
DEBUG: LC_ALL=C JX_LOG_LEVEL=error git log --format=%H%x1f%an%x1f%ae%x1f%cn%x1f%ce%x1f%s%n%b%x1e f2c89e450464599fb95ccc7007298b7ce5c2667e..HEAD
Merged SHA 665d4cfb32aa369c6be3ba44bb06abb60c90c233 with commit message 'chore: Promote bdd-nh-1581330451 to version 0.0.1' into base branch master

Showing logs for build [32mcb-kubecd-environment-pr-1164-1-tqhhn-1[0m stage [32mfrom-build-pack[0m and container [32mstep-build-helm-build[0m
WARNING: No $CHART_REPOSITORY defined so using the default value of: http://jenkins-x-chartmuseum:8080
Adding missing Helm repo: storage.googleapis.com https://storage.googleapis.com/chartmuseum.jenkins-x.io
WARNING: No secrets found on "helm/repos" due: reading the secret "helm/repos" from vault: no secret "helm/repos" not found in vault
Read credentials for https://storage.googleapis.com/chartmuseum.jenkins-x.io from vault helm/repos
Successfully added Helm repository storage.googleapis.com.
Adding missing Helm repo: jenkins-x-chartmuseum http://jenkins-x-chartmuseum:8080
WARNING: No secrets found on "helm/repos" due: reading the secret "helm/repos" from vault: no secret "helm/repos" not found in vault
Read credentials for http://jenkins-x-chartmuseum:8080 from vault helm/repos
Successfully added Helm repository jenkins-x-chartmuseum.
WARNING: No $CHART_REPOSITORY defined so using the default value of: http://jenkins-x-chartmuseum:8080
Adding missing Helm repo: chartmuseum.jenkins-x.io http://chartmuseum.jenkins-x.io
WARNING: No secrets found on "helm/repos" due: reading the secret "helm/repos" from vault: no secret "helm/repos" not found in vault
Read credentials for http://chartmuseum.jenkins-x.io from vault helm/repos
Successfully added Helm repository chartmuseum.jenkins-x.io.
